[2026-04-19T22:17:19.117Z] 
→ Starting: Documentation Optimization
[2026-04-19T22:17:19.126Z] Documentation optimization initialized
[2026-04-19T22:17:19.126Z] ════════════════════════════════════════════════════════════
[2026-04-19T22:17:19.126Z] 🔷  Step 2.5: Documentation Optimization
[2026-04-19T22:17:19.126Z] ════════════════════════════════════════════════════════════
[2026-04-19T22:17:19.127Z] Phase 1: Heuristics Analysis (30 files)
[2026-04-19T22:17:19.130Z] Calculating content hashes...
[2026-04-19T22:17:19.131Z] Found 0 duplicate groups (0 redundant files)
[2026-04-19T22:17:19.131Z] Analyzing document similarity...
[2026-04-19T22:17:19.339Z] Found 0 redundant pairs above 80% similarity
[2026-04-19T22:17:19.339Z] Found 0 exact duplicates, 0 redundant pairs
[2026-04-19T22:17:19.339Z] Phase 2: Git History Analysis
[2026-04-19T22:17:19.339Z] Analyzing git history for 30 files...
[2026-04-19T22:17:19.523Z] Completed git analysis for 30 files
[2026-04-19T22:17:19.523Z] Found 0 outdated files
[2026-04-19T22:17:19.523Z] Phase 3: Version Reference Analysis
[2026-04-19T22:17:19.530Z] ⚠ Could not detect project version, using 0.0.0
[2026-04-19T22:17:19.530Z] Analyzing version references in 30 files (current: 0.0.0)...
[2026-04-19T22:17:19.533Z] Completed version analysis for 30 files
[2026-04-19T22:17:19.533Z] Version analysis complete (0 total outdated)
[2026-04-19T22:17:19.533Z] Phase 4: AI Edge Case Analysis (skipped - no AI analyzer)
[2026-04-19T22:17:19.533Z] Phase 5: Optimization Summary
[2026-04-19T22:17:19.533Z] 
📊 Analysis Results:
───────────────────
  Total files analyzed: 30
  Exact duplicates: 0
  Redundant pairs: 0
  Outdated files: 0
  Files to optimize: 0

[2026-04-19T22:17:19.533Z] No optimizations needed
[2026-04-19T22:17:19.533Z] ✓ Workflow complete (0s)
[2026-04-19T22:17:19.533Z] ✓ Step step_02_5 completed in 416ms
[2026-04-19T22:17:19.533Z] [DEBUG] [Performance] step_02_5: 416ms
[2026-04-19T22:17:19.533Z] [DEBUG] Recorded outcome for step_02_5: success
[2026-04-19T22:17:19.533Z] ✓ Completed: Documentation Optimization (0s)
