[2026-04-19T22:15:48.790Z] 
→ Starting: Bootstrap Documentation
[2026-04-19T22:15:48.805Z] [DEBUG] Step0bBootstrapDocs.execute()
[2026-04-19T22:15:48.805Z] ════════════════════════════════════════════════════════════
[2026-04-19T22:15:48.805Z] 🔷  Step 0b: Documentation Gap Analysis and Generation
[2026-04-19T22:15:48.805Z] ════════════════════════════════════════════════════════════
[2026-04-19T22:15:48.805Z] Phase 1: Gathering project statistics...
[2026-04-19T22:15:48.805Z] [DEBUG] Gathering project statistics by scanning files...
[2026-04-19T22:15:48.805Z] [DEBUG] Listing all files in the project directory...
[2026-04-19T22:15:48.805Z] [DEBUG] Project root: /home/mpb/Documents/GitHub/ai_workflow_fspec
[2026-04-19T22:15:48.805Z] [DEBUG] Total files found: 36
[2026-04-19T22:15:48.805Z] [DEBUG] Converting to relative paths...
[2026-04-19T22:15:48.806Z] Project has 35 documentation files and 0 source files
[2026-04-19T22:15:48.806Z] README.md size: 90 bytes, Has CHANGELOG: false, Has docs/ directory: true
[2026-04-19T22:15:48.806Z] Phase 2: Evaluating documentation coverage...
[2026-04-19T22:15:48.806Z] [DEBUG] Phase 3
[2026-04-19T22:15:48.806Z] Phase 3: Identifying missing documentation...
[2026-04-19T22:15:48.806Z] Step 0b: Project has 35 documentation files — sufficient coverage, skipping generation
[2026-04-19T22:15:48.806Z] ✓ Step step_0b completed in 16ms
[2026-04-19T22:15:48.806Z] [DEBUG] [Performance] step_0b: 16ms
[2026-04-19T22:15:48.806Z] [DEBUG] Recorded outcome for step_0b: success
[2026-04-19T22:15:48.806Z] ✓ Completed: Bootstrap Documentation (0s)
