[2026-04-19T22:15:48.738Z] 
→ Starting: Pre-Analysis
[2026-04-19T22:15:48.758Z] ════════════════════════════════════════════════════════════
[2026-04-19T22:15:48.758Z] 🔷  Step 0: Pre-Analysis - Analyzing Recent Changes
[2026-04-19T22:15:48.758Z] ════════════════════════════════════════════════════════════
[2026-04-19T22:15:48.773Z] Commits ahead of remote: 0
[2026-04-19T22:15:48.773Z] Modified files: 54
[2026-04-19T22:15:48.776Z] ✓ Project kind from config: generic (configured)
[2026-04-19T22:15:48.782Z] Detected language: markdown
[2026-04-19T22:15:48.782Z] Build system: none
[2026-04-19T22:15:48.782Z] Test framework: none
[2026-04-19T22:15:48.782Z] ✓ Pre-analysis complete:
  • Commits ahead: 0
  • Modified files: 54
  • Change scope: mixed-changes
  • Documentation: 3 files
  • Tests: 0 files
  • Source: 0 files
  • Config: 1 files
  • Project kind: generic (100% confidence)
  • Language: markdown

[2026-04-19T22:15:48.789Z] ✓ Step step_00 completed in 51ms
[2026-04-19T22:15:48.789Z] [DEBUG] [Performance] step_00: 51ms
[2026-04-19T22:15:48.790Z] [DEBUG] Recorded outcome for step_00: success
[2026-04-19T22:15:48.790Z] ✓ Completed: Pre-Analysis (0s)
