[2026-04-19T21:33:24.695Z] 
→ Starting: Pre-Analysis
[2026-04-19T21:33:24.713Z] ════════════════════════════════════════════════════════════
[2026-04-19T21:33:24.713Z] 🔷  Step 0: Pre-Analysis - Analyzing Recent Changes
[2026-04-19T21:33:24.713Z] ════════════════════════════════════════════════════════════
[2026-04-19T21:33:24.729Z] Commits ahead of remote: 0
[2026-04-19T21:33:24.729Z] Modified files: 7
[2026-04-19T21:33:24.733Z] ✓ Project kind from config: generic (configured)
[2026-04-19T21:33:24.735Z] Detected language: markdown
[2026-04-19T21:33:24.735Z] Build system: none
[2026-04-19T21:33:24.735Z] Test framework: none
[2026-04-19T21:33:24.735Z] ✓ Pre-analysis complete:
  • Commits ahead: 0
  • Modified files: 7
  • Change scope: mixed-changes
  • Documentation: 2 files
  • Tests: 0 files
  • Source: 0 files
  • Config: 1 files
  • Project kind: generic (100% confidence)
  • Language: markdown

[2026-04-19T21:33:24.739Z] ✓ Step step_00 completed in 44ms
[2026-04-19T21:33:24.740Z] [DEBUG] [Performance] step_00: 44ms
[2026-04-19T21:33:24.740Z] [DEBUG] Recorded outcome for step_00: success
[2026-04-19T21:33:24.740Z] ✓ Completed: Pre-Analysis (0s)
