[2026-04-19T21:33:24.740Z] 
→ Starting: Bootstrap Documentation
[2026-04-19T21:33:24.758Z] [DEBUG] Step0bBootstrapDocs.execute()
[2026-04-19T21:33:24.758Z] ════════════════════════════════════════════════════════════
[2026-04-19T21:33:24.758Z] 🔷  Step 0b: Documentation Gap Analysis and Generation
[2026-04-19T21:33:24.758Z] ════════════════════════════════════════════════════════════
[2026-04-19T21:33:24.758Z] Phase 1: Gathering project statistics...
[2026-04-19T21:33:24.758Z] [DEBUG] Gathering project statistics by scanning files...
[2026-04-19T21:33:24.758Z] [DEBUG] Listing all files in the project directory...
[2026-04-19T21:33:24.758Z] [DEBUG] Project root: /home/mpb/Documents/GitHub/ai_workflow_fspec
[2026-04-19T21:33:24.759Z] [DEBUG] Total files found: 36
[2026-04-19T21:33:24.759Z] [DEBUG] Converting to relative paths...
[2026-04-19T21:33:24.760Z] Project has 35 documentation files and 0 source files
[2026-04-19T21:33:24.760Z] README.md size: 90 bytes, Has CHANGELOG: false, Has docs/ directory: true
[2026-04-19T21:33:24.760Z] Phase 2: Evaluating documentation coverage...
[2026-04-19T21:33:24.760Z] [DEBUG] Phase 3
[2026-04-19T21:33:24.760Z] Phase 3: Identifying missing documentation...
[2026-04-19T21:33:24.760Z] Step 0b: Project has 35 documentation files — sufficient coverage, skipping generation
[2026-04-19T21:33:24.761Z] ✓ Step step_0b completed in 21ms
[2026-04-19T21:33:24.761Z] [DEBUG] [Performance] step_0b: 21ms
[2026-04-19T21:33:24.761Z] [DEBUG] Recorded outcome for step_0b: success
[2026-04-19T21:33:24.761Z] ✓ Completed: Bootstrap Documentation (0s)
