[2026-04-20T01:18:54.150Z] 
→ Starting: Pre-Analysis
[2026-04-20T01:18:54.167Z] ════════════════════════════════════════════════════════════
[2026-04-20T01:18:54.167Z] 🔷  Step 0: Pre-Analysis - Analyzing Recent Changes
[2026-04-20T01:18:54.167Z] ════════════════════════════════════════════════════════════
[2026-04-20T01:18:54.183Z] Commits ahead of remote: 0
[2026-04-20T01:18:54.183Z] Modified files: 8
[2026-04-20T01:18:54.184Z] ✓ Project kind from config: generic (configured)
[2026-04-20T01:18:54.189Z] Detected language: markdown
[2026-04-20T01:18:54.189Z] Build system: none
[2026-04-20T01:18:54.189Z] Test framework: none
[2026-04-20T01:18:54.189Z] ✓ Pre-analysis complete:
  • Commits ahead: 0
  • Modified files: 8
  • Change scope: mixed-changes
  • Documentation: 0 files
  • Tests: 0 files
  • Source: 0 files
  • Config: 0 files
  • Project kind: generic (100% confidence)
  • Language: markdown

[2026-04-20T01:18:54.193Z] ✓ Step step_00 completed in 44ms
[2026-04-20T01:18:54.194Z] [DEBUG] [Performance] step_00: 44ms
[2026-04-20T01:18:54.194Z] [DEBUG] Recorded outcome for step_00: success
[2026-04-20T01:18:54.194Z] ✓ Completed: Pre-Analysis (0s)
