[2026-04-20T01:19:23.743Z] 
→ Starting: Documentation Optimization
[2026-04-20T01:19:23.750Z] Documentation optimization initialized
[2026-04-20T01:19:23.750Z] ════════════════════════════════════════════════════════════
[2026-04-20T01:19:23.750Z] 🔷  Step 2.5: Documentation Optimization
[2026-04-20T01:19:23.750Z] ════════════════════════════════════════════════════════════
[2026-04-20T01:19:23.750Z] Phase 1: Heuristics Analysis (27 files)
[2026-04-20T01:19:23.752Z] Calculating content hashes...
[2026-04-20T01:19:23.753Z] Found 0 duplicate groups (0 redundant files)
[2026-04-20T01:19:23.753Z] Analyzing document similarity...
[2026-04-20T01:19:23.907Z] Found 0 redundant pairs above 80% similarity
[2026-04-20T01:19:23.907Z] Found 0 exact duplicates, 0 redundant pairs
[2026-04-20T01:19:23.907Z] Phase 2: Git History Analysis
[2026-04-20T01:19:23.907Z] Analyzing git history for 27 files...
[2026-04-20T01:19:24.094Z] Completed git analysis for 27 files
[2026-04-20T01:19:24.095Z] Found 0 outdated files
[2026-04-20T01:19:24.095Z] Phase 3: Version Reference Analysis
[2026-04-20T01:19:24.102Z] ⚠ Could not detect project version, using 0.0.0
[2026-04-20T01:19:24.102Z] Analyzing version references in 27 files (current: 0.0.0)...
[2026-04-20T01:19:24.105Z] Completed version analysis for 27 files
[2026-04-20T01:19:24.105Z] Version analysis complete (0 total outdated)
[2026-04-20T01:19:24.105Z] Phase 4: AI Edge Case Analysis (skipped - no AI analyzer)
[2026-04-20T01:19:24.105Z] Phase 5: Optimization Summary
[2026-04-20T01:19:24.105Z] 
📊 Analysis Results:
───────────────────
  Total files analyzed: 27
  Exact duplicates: 0
  Redundant pairs: 0
  Outdated files: 0
  Files to optimize: 0

[2026-04-20T01:19:24.105Z] No optimizations needed
[2026-04-20T01:19:24.105Z] ✓ Workflow complete (0s)
[2026-04-20T01:19:24.105Z] ✓ Step step_02_5 completed in 362ms
[2026-04-20T01:19:24.106Z] [DEBUG] [Performance] step_02_5: 362ms
[2026-04-20T01:19:24.106Z] [DEBUG] Recorded outcome for step_02_5: success
[2026-04-20T01:19:24.106Z] ✓ Completed: Documentation Optimization (0s)
