[2026-04-19T21:40:01.772Z] 
→ Starting: Pre-Analysis
[2026-04-19T21:40:01.788Z] ════════════════════════════════════════════════════════════
[2026-04-19T21:40:01.788Z] 🔷  Step 0: Pre-Analysis - Analyzing Recent Changes
[2026-04-19T21:40:01.788Z] ════════════════════════════════════════════════════════════
[2026-04-19T21:40:01.803Z] Commits ahead of remote: 0
[2026-04-19T21:40:01.803Z] Modified files: 22
[2026-04-19T21:40:01.807Z] ✓ Project kind from config: generic (configured)
[2026-04-19T21:40:01.810Z] Detected language: markdown
[2026-04-19T21:40:01.810Z] Build system: none
[2026-04-19T21:40:01.810Z] Test framework: none
[2026-04-19T21:40:01.810Z] ✓ Pre-analysis complete:
  • Commits ahead: 0
  • Modified files: 22
  • Change scope: mixed-changes
  • Documentation: 2 files
  • Tests: 0 files
  • Source: 0 files
  • Config: 1 files
  • Project kind: generic (100% confidence)
  • Language: markdown

[2026-04-19T21:40:01.813Z] ✓ Step step_00 completed in 42ms
[2026-04-19T21:40:01.814Z] [DEBUG] [Performance] step_00: 42ms
[2026-04-19T21:40:01.814Z] [DEBUG] Recorded outcome for step_00: success
[2026-04-19T21:40:01.814Z] ✓ Completed: Pre-Analysis (0s)
