[2026-04-19T21:41:10.678Z] 
→ Starting: Documentation Optimization
[2026-04-19T21:41:10.692Z] Documentation optimization initialized
[2026-04-19T21:41:10.692Z] ════════════════════════════════════════════════════════════
[2026-04-19T21:41:10.692Z] 🔷  Step 2.5: Documentation Optimization
[2026-04-19T21:41:10.692Z] ════════════════════════════════════════════════════════════
[2026-04-19T21:41:10.692Z] Phase 1: Heuristics Analysis (30 files)
[2026-04-19T21:41:10.694Z] Calculating content hashes...
[2026-04-19T21:41:10.695Z] Found 0 duplicate groups (0 redundant files)
[2026-04-19T21:41:10.695Z] Analyzing document similarity...
[2026-04-19T21:41:10.909Z] Found 0 redundant pairs above 80% similarity
[2026-04-19T21:41:10.909Z] Found 0 exact duplicates, 0 redundant pairs
[2026-04-19T21:41:10.909Z] Phase 2: Git History Analysis
[2026-04-19T21:41:10.909Z] Analyzing git history for 30 files...
[2026-04-19T21:41:11.082Z] Completed git analysis for 30 files
[2026-04-19T21:41:11.082Z] Found 0 outdated files
[2026-04-19T21:41:11.083Z] Phase 3: Version Reference Analysis
[2026-04-19T21:41:11.089Z] ⚠ Could not detect project version, using 0.0.0
[2026-04-19T21:41:11.089Z] Analyzing version references in 30 files (current: 0.0.0)...
[2026-04-19T21:41:11.092Z] Completed version analysis for 30 files
[2026-04-19T21:41:11.092Z] Version analysis complete (0 total outdated)
[2026-04-19T21:41:11.092Z] Phase 4: AI Edge Case Analysis (skipped - no AI analyzer)
[2026-04-19T21:41:11.092Z] Phase 5: Optimization Summary
[2026-04-19T21:41:11.093Z] 
📊 Analysis Results:
───────────────────
  Total files analyzed: 30
  Exact duplicates: 0
  Redundant pairs: 0
  Outdated files: 0
  Files to optimize: 0

[2026-04-19T21:41:11.093Z] No optimizations needed
[2026-04-19T21:41:11.093Z] ✓ Workflow complete (0s)
[2026-04-19T21:41:11.093Z] ✓ Step step_02_5 completed in 415ms
[2026-04-19T21:41:11.093Z] [DEBUG] [Performance] step_02_5: 415ms
[2026-04-19T21:41:11.093Z] [DEBUG] Recorded outcome for step_02_5: success
[2026-04-19T21:41:11.093Z] ✓ Completed: Documentation Optimization (0s)
