[2026-04-19T22:43:25.550Z] 
→ Starting: Documentation Optimization
[2026-04-19T22:43:25.566Z] Documentation optimization initialized
[2026-04-19T22:43:25.566Z] ════════════════════════════════════════════════════════════
[2026-04-19T22:43:25.566Z] 🔷  Step 2.5: Documentation Optimization
[2026-04-19T22:43:25.566Z] ════════════════════════════════════════════════════════════
[2026-04-19T22:43:25.567Z] Phase 1: Heuristics Analysis (27 files)
[2026-04-19T22:43:25.569Z] Calculating content hashes...
[2026-04-19T22:43:25.570Z] Found 0 duplicate groups (0 redundant files)
[2026-04-19T22:43:25.570Z] Analyzing document similarity...
[2026-04-19T22:43:25.724Z] Found 0 redundant pairs above 80% similarity
[2026-04-19T22:43:25.724Z] Found 0 exact duplicates, 0 redundant pairs
[2026-04-19T22:43:25.724Z] Phase 2: Git History Analysis
[2026-04-19T22:43:25.724Z] Analyzing git history for 27 files...
[2026-04-19T22:43:25.884Z] Completed git analysis for 27 files
[2026-04-19T22:43:25.884Z] Found 0 outdated files
[2026-04-19T22:43:25.884Z] Phase 3: Version Reference Analysis
[2026-04-19T22:43:25.891Z] ⚠ Could not detect project version, using 0.0.0
[2026-04-19T22:43:25.892Z] Analyzing version references in 27 files (current: 0.0.0)...
[2026-04-19T22:43:25.894Z] Completed version analysis for 27 files
[2026-04-19T22:43:25.894Z] Version analysis complete (0 total outdated)
[2026-04-19T22:43:25.895Z] Phase 4: AI Edge Case Analysis (skipped - no AI analyzer)
[2026-04-19T22:43:25.895Z] Phase 5: Optimization Summary
[2026-04-19T22:43:25.895Z] 
📊 Analysis Results:
───────────────────
  Total files analyzed: 27
  Exact duplicates: 0
  Redundant pairs: 0
  Outdated files: 0
  Files to optimize: 0

[2026-04-19T22:43:25.895Z] No optimizations needed
[2026-04-19T22:43:25.895Z] ✓ Workflow complete (0s)
[2026-04-19T22:43:25.895Z] ✓ Step step_02_5 completed in 345ms
[2026-04-19T22:43:25.895Z] [DEBUG] [Performance] step_02_5: 345ms
[2026-04-19T22:43:25.895Z] [DEBUG] Recorded outcome for step_02_5: success
[2026-04-19T22:43:25.895Z] ✓ Completed: Documentation Optimization (0s)
