[2026-04-19T22:42:12.446Z] 
→ Starting: Pre-Analysis
[2026-04-19T22:42:12.463Z] ════════════════════════════════════════════════════════════
[2026-04-19T22:42:12.463Z] 🔷  Step 0: Pre-Analysis - Analyzing Recent Changes
[2026-04-19T22:42:12.463Z] ════════════════════════════════════════════════════════════
[2026-04-19T22:42:12.479Z] Commits ahead of remote: 0
[2026-04-19T22:42:12.479Z] Modified files: 13
[2026-04-19T22:42:12.480Z] No project kind in config, auto-detecting...
[2026-04-19T22:42:12.481Z] Project kind: Could not determine with confidence
[2026-04-19T22:42:12.483Z] Detected language: markdown
[2026-04-19T22:42:12.483Z] Build system: none
[2026-04-19T22:42:12.483Z] Test framework: none
[2026-04-19T22:42:12.483Z] ✓ Pre-analysis complete:
  • Commits ahead: 0
  • Modified files: 13
  • Change scope: documentation-only
  • Documentation: 3 files
  • Tests: 0 files
  • Source: 0 files
  • Config: 0 files
  • Project kind: generic (30% confidence)
  • Language: markdown

[2026-04-19T22:42:12.487Z] ✓ Step step_00 completed in 41ms
[2026-04-19T22:42:12.487Z] [DEBUG] [Performance] step_00: 41ms
[2026-04-19T22:42:12.488Z] [DEBUG] Recorded outcome for step_00: success
[2026-04-19T22:42:12.488Z] ✓ Completed: Pre-Analysis (0s)
