[2026-04-19T22:42:12.488Z] 
→ Starting: Bootstrap Documentation
[2026-04-19T22:42:12.498Z] [DEBUG] Step0bBootstrapDocs.execute()
[2026-04-19T22:42:12.498Z] ════════════════════════════════════════════════════════════
[2026-04-19T22:42:12.498Z] 🔷  Step 0b: Documentation Gap Analysis and Generation
[2026-04-19T22:42:12.498Z] ════════════════════════════════════════════════════════════
[2026-04-19T22:42:12.498Z] Phase 1: Gathering project statistics...
[2026-04-19T22:42:12.498Z] [DEBUG] Gathering project statistics by scanning files...
[2026-04-19T22:42:12.498Z] [DEBUG] Listing all files in the project directory...
[2026-04-19T22:42:12.498Z] [DEBUG] Project root: /home/mpb/Documents/GitHub/ai_workflow_fspec
[2026-04-19T22:42:12.498Z] [DEBUG] Total files found: 32
[2026-04-19T22:42:12.498Z] [DEBUG] Converting to relative paths...
[2026-04-19T22:42:12.499Z] Project has 32 documentation files and 0 source files
[2026-04-19T22:42:12.499Z] README.md size: 90 bytes, Has CHANGELOG: false, Has docs/ directory: true
[2026-04-19T22:42:12.499Z] Phase 2: Evaluating documentation coverage...
[2026-04-19T22:42:12.499Z] [DEBUG] Phase 3
[2026-04-19T22:42:12.499Z] Phase 3: Identifying missing documentation...
[2026-04-19T22:42:12.499Z] Step 0b: Project has 32 documentation files — sufficient coverage, skipping generation
[2026-04-19T22:42:12.499Z] ✓ Step step_0b completed in 11ms
[2026-04-19T22:42:12.499Z] [DEBUG] [Performance] step_0b: 11ms
[2026-04-19T22:42:12.499Z] [DEBUG] Recorded outcome for step_0b: success
[2026-04-19T22:42:12.499Z] ✓ Completed: Bootstrap Documentation (0s)
