[2026-04-20T01:01:33.776Z] 
→ Starting: Documentation Optimization
[2026-04-20T01:01:33.789Z] Documentation optimization initialized
[2026-04-20T01:01:33.789Z] ════════════════════════════════════════════════════════════
[2026-04-20T01:01:33.789Z] 🔷  Step 2.5: Documentation Optimization
[2026-04-20T01:01:33.789Z] ════════════════════════════════════════════════════════════
[2026-04-20T01:01:33.789Z] Phase 1: Heuristics Analysis (27 files)
[2026-04-20T01:01:33.791Z] Calculating content hashes...
[2026-04-20T01:01:33.792Z] Found 0 duplicate groups (0 redundant files)
[2026-04-20T01:01:33.792Z] Analyzing document similarity...
[2026-04-20T01:01:33.944Z] Found 0 redundant pairs above 80% similarity
[2026-04-20T01:01:33.944Z] Found 0 exact duplicates, 0 redundant pairs
[2026-04-20T01:01:33.944Z] Phase 2: Git History Analysis
[2026-04-20T01:01:33.945Z] Analyzing git history for 27 files...
[2026-04-20T01:01:34.112Z] Completed git analysis for 27 files
[2026-04-20T01:01:34.112Z] Found 0 outdated files
[2026-04-20T01:01:34.113Z] Phase 3: Version Reference Analysis
[2026-04-20T01:01:34.121Z] ⚠ Could not detect project version, using 0.0.0
[2026-04-20T01:01:34.121Z] Analyzing version references in 27 files (current: 0.0.0)...
[2026-04-20T01:01:34.125Z] Completed version analysis for 27 files
[2026-04-20T01:01:34.125Z] Version analysis complete (0 total outdated)
[2026-04-20T01:01:34.125Z] Phase 4: AI Edge Case Analysis (skipped - no AI analyzer)
[2026-04-20T01:01:34.125Z] Phase 5: Optimization Summary
[2026-04-20T01:01:34.125Z] 
📊 Analysis Results:
───────────────────
  Total files analyzed: 27
  Exact duplicates: 0
  Redundant pairs: 0
  Outdated files: 0
  Files to optimize: 0

[2026-04-20T01:01:34.125Z] No optimizations needed
[2026-04-20T01:01:34.125Z] ✓ Workflow complete (0s)
[2026-04-20T01:01:34.125Z] ✓ Step step_02_5 completed in 350ms
[2026-04-20T01:01:34.125Z] [DEBUG] [Performance] step_02_5: 350ms
[2026-04-20T01:01:34.125Z] [DEBUG] Recorded outcome for step_02_5: success
[2026-04-20T01:01:34.125Z] ✓ Completed: Documentation Optimization (0s)
